2025-06-24 14:45:29,555 - INFO - Starting continuous scan from block 64410456
2025-06-24 14:45:29,975 - INFO - Scanning blocks 64410456 to 64413740
2025-06-24 14:45:30,123 - INFO - Found 43 events in blocks 64410456-64411455
2025-06-24 14:45:30,831 - INFO - Saved: BAAA at 0x5d0783bC4a357D857485C15dB9b282b76eAa17D0
2025-06-24 14:45:31,745 - INFO - Saved: BOOGA at 0x3d44607E794Cd5a08617942f0e4F261c9F27E4Cc
2025-06-24 14:45:32,434 - INFO - Saved: NOVAS at 0x8373e08fD598bA3066347d26d15A556d92bf522A
2025-06-24 14:45:33,164 - INFO - Saved: DREAMER at 0xAdF679e3FBb29D15C7A9FaAa61Ab7dCe4f08F7E2
2025-06-24 14:45:33,897 - INFO - Saved: TLDR at 0x461aF5097A87De1769a860B8669c799C498dB0FE
2025-06-24 14:45:34,645 - INFO - Saved: LADYWORM at 0x9F545241E5F48D700f11B0727B404Cd816f52A4C
2025-06-24 14:45:35,392 - INFO - Saved: JEFF at 0xDe729168bA30a30bd37bD0162e33285Ad04Ee9b5
2025-06-24 14:45:36,214 - INFO - Saved: ANALOS at 0x5df9d0F3B0816f48Da84510b36c0bCa4A1364131
2025-06-24 14:45:37,023 - INFO - Saved: ARENAFUCK at 0x7b9BA4FD3232f5710d7815223Ff855B8b976188b
2025-06-24 14:45:37,761 - INFO - Saved: NOCHILLIO at 0xAFF816a796134e30292F02519cab394190c25390
2025-06-24 14:45:38,683 - INFO - Saved: LUKE at 0xDb513a1398c3d7cB1524217dFB0838C950B070c8
2025-06-24 14:45:39,492 - INFO - Saved: AVALON at 0x3CAfb6Af2B075cB9CE424FBf1153898d874Ef25b
2025-06-24 14:45:40,343 - INFO - Saved: DEM at 0x9F4E829954fe05E005920Da8d5FB0Def3cafE533
2025-06-24 14:45:41,164 - INFO - Saved: PEPVENGERS at 0x0bC76EFE7FF400d1F3c02a5034C18130fc1C8603
2025-06-24 14:45:42,000 - INFO - Saved: ANALOS at 0x1C20a276911837d946570fC92765128b79411DC6
2025-06-24 14:45:42,738 - INFO - Saved: STYLE at 0x0BA0Bff493477C7F492B5e0D0993E4096DB127F1
2025-06-24 14:45:43,428 - INFO - Saved: NO at 0x2632f374d36805677c5C919C60b33F4E12f41Bba
2025-06-24 14:45:44,118 - INFO - Saved: SKULL at 0xFf84FB93c433e40711E505215a45052D90D8c146
2025-06-24 14:45:44,942 - INFO - Saved: MAN at 0x61d7643aBc49fa629E7aB5d4438b967F13BceF84
2025-06-24 14:45:45,663 - INFO - Saved: MEMEMACHINE at 0x476e88BFd5B5B114c16435a7dEEF3F7C572560d8
2025-06-24 14:45:46,405 - INFO - Saved: VEGETA at 0x974C5ddcD3634062D12858e2b1B6F3097B65fF0E
2025-06-24 14:45:47,221 - INFO - Saved: GLADIATORS at 0x92C1764CCc9DC063d8F3376Bb85480ED5Aa493bD
2025-06-24 14:45:48,045 - INFO - Saved: AYNEAVAX at 0x63dd61d5e7B21d7f3655f5EB95D39dac21C13b9D
2025-06-24 14:45:48,765 - INFO - Saved: X at 0x80BE543D1732ed8743ea068376c3dCc7dfA88c7A
2025-06-24 14:45:49,538 - INFO - Saved: SETRUMP at 0xcBCcACC57241E2E75Cca96ab3d3423499B34e2a3
2025-06-24 14:45:50,254 - INFO - Saved: BIER at 0x44D6e10F353DFD8e72ba8D1829FD610dd0e05fD0
2025-06-24 14:45:51,026 - INFO - Saved: AVAGOAT at 0x399a79cf646561fF8c9Dee1b12E816B52470C3f1
2025-06-24 14:45:51,801 - INFO - Saved: VWORM at 0xf5049F9DAF27ba348b8c389f6692d747BF73B1F6
2025-06-24 14:45:52,571 - INFO - Saved: ANONGP at 0x69F0921596D992229E187D86ea06eb3b227609B4
2025-06-24 14:45:53,315 - INFO - Saved: BABA at 0x9d2b422fD2beE41FbAa527f875ddC9eCAA70838f
2025-06-24 14:45:54,060 - INFO - Saved: SWEVY at 0x6D423DECe47492769345f0b2439b77D1b84db50b
2025-06-24 14:45:54,733 - INFO - Saved: AMG at 0x7A81c157e9f93d85F4ddA58f2bC9F496A349f956
2025-06-24 14:45:55,456 - INFO - Saved: BUMB at 0x661Bf5Ab670A0B71C024491ce4f05D4B64Bf72b0
2025-06-24 14:45:56,162 - INFO - Saved: MM at 0x0bCa8baeA6E4B58E01BB37861fAccee558B5a532
2025-06-24 14:45:56,885 - INFO - Saved: NINJA at 0xaB85acbe889485E65302A66F808635E8Ec23C31a
2025-06-24 14:45:57,561 - INFO - Saved: ASAX at 0x5aD5E57940D157121675c6875145f38c157f3326
2025-06-24 14:45:58,461 - INFO - Saved: WAGNON at 0xc98090C5592dDD04eA79bb5A6cf5cF0BbEf70651
2025-06-24 14:45:59,194 - INFO - Saved: SUPRA at 0x5e75f883d283587c3504b111B12A693b7276c1c9
2025-06-24 14:45:59,904 - INFO - Saved: NEXT at 0xA8c0349e0D2C67dd8cD3d5C840C64FEB5B20b4C7
2025-06-24 14:46:00,611 - INFO - Saved: FRIRI at 0xD70fDE2eE3dDe79F20e218e2780f9Ea06Df7FaB1
2025-06-24 14:46:01,437 - INFO - Saved: DOESNTSLEP at 0xC14bf5A750f43B60BEEefD5C7eCdEac94928D632
2025-06-24 14:46:02,194 - INFO - Saved: SIMONE at 0x87f527883c04862213d05bDBe6aa269228d99E34
2025-06-24 14:46:02,902 - INFO - Saved: SHAW at 0x3082b7a25A7a0395366b7e863B941E1977dFf2eD
2025-06-24 14:46:03,003 - INFO - Progress: 0.0%
2025-06-24 14:46:03,137 - INFO - Found 37 events in blocks 64411456-64412455
2025-06-24 14:46:03,751 - INFO - Saved: SNAIL at 0x5b2B14a68568C16F8C2AfA65041130a9aA8D843e
2025-06-24 14:46:04,653 - INFO - Saved: MEMEMACHINE at 0xFd9A2ED2B94112c5D3f88577e29A9Df4D1Da6681
2025-06-24 14:46:05,391 - INFO - Saved: TRIG at 0xADDBc48823565114334b44F8202E5fab80DbF10c
2025-06-24 14:46:06,147 - INFO - Saved: BAGS at 0x3755c34e611c461D7CaE41906e53F38e41028574
2025-06-24 14:46:07,007 - INFO - Saved: ARENALIBARATE at 0x0C2cf4e7b5B9E7445B8779599De15e7a4B5cE99b
2025-06-24 14:46:07,837 - INFO - Saved: APEX007 at 0xdb90b63eb87a4c52183644F21dc63D8A18676a1B
2025-06-24 14:46:08,631 - INFO - Saved: AH at 0x2D63d6a16c5a6f713704Efd1017E7E65053295a6
2025-06-24 14:46:09,362 - INFO - Saved: SAUCY at 0xc99f997b423792C32A94A6676Ecb6B6E82991AD8
2025-06-24 14:46:10,173 - INFO - Saved: SMALLDAWG at 0x2821561FA680D38a3630D96f2C8513804085bF95
2025-06-24 14:46:10,950 - INFO - Saved: AHAHAH at 0x7F8164acFEBFC76719FB4A2721a837Dd7A7d22a3
2025-06-24 14:46:11,683 - INFO - Saved: MEMEANON at 0xe37aa0922642ad489D9e76a93A9681e5fB910372
2025-06-24 14:46:12,449 - INFO - Saved: INTERN at 0xc8827649bc45ff75041179F176D4DaD04Cb8b771
2025-06-24 14:46:13,390 - INFO - Saved: 2GALS1CUP at 0xe297673C80ec981Cd8EFF86CdDa2Ea7c95409f2b
2025-06-24 14:46:14,185 - INFO - Saved: FOMO at 0x0b92dA0612265372a067bd7aB8562a7Bb486A324
2025-06-24 14:46:15,072 - INFO - Saved: OWL at 0x605AdC17E60C772F35a18a0c9c0aec39216D93fA
2025-06-24 14:46:15,923 - INFO - Saved: CASINO at 0x4030c6496D56b89BFa7feA69536d3d00e731761c
2025-06-24 14:46:16,707 - INFO - Saved: NEWTOKEN at 0x2d27b45148B9e542c2F9c68785A077f47474d846
2025-06-24 14:46:17,520 - INFO - Saved: MOOOOORE at 0x2a01c94b847057B4F72ea1c1C8A4f94e7CBe2959
2025-06-24 14:46:18,294 - INFO - Saved: MONEY at 0x5c857833A426C5614D174Bfd697DAEf377671ec3
2025-06-24 14:46:19,095 - INFO - Saved: SMALLCAWT at 0xE100c8fa194Ed904C904A18bF9AE4bF5695C6737
2025-06-24 14:46:19,941 - INFO - Saved: STORE at 0x41fFc6F7E3271a0A5be8A1f62265636a74F7D56A
2025-06-24 14:46:20,687 - INFO - Saved: PRINT at 0x064D42DC08017a218e94a67028882429e4D21081
2025-06-24 14:46:21,470 - INFO - Saved: DARKWRAITH at 0x4C4DE01a538669628C4f805Dd201A07cd560a099
2025-06-24 14:46:22,268 - INFO - Saved: TRUMPVAX at 0xaD7A04DC41d8EdcB99D95B2F3DE3715ADBff0e8b
2025-06-24 14:46:22,991 - INFO - Saved: MORE at 0x56B9e30A8B656ea24755B6f3bBDfdb301BcBC053
2025-06-24 14:46:23,692 - INFO - Saved: ANONHUB at 0x0a10Ca9C0b9F7d767750Ce76F8Bb06d67Af6A77D
2025-06-24 14:46:24,391 - INFO - Saved: LAD at 0xf1Bc20B586089891f4181A2eD928c77eA80C9Ba9
2025-06-24 14:46:25,089 - INFO - Saved: BRO at 0x80A9ACE552c73C4c06083cc0f970F35f3d3B1945
2025-06-24 14:46:25,775 - INFO - Saved: ANNONYMOUSAI at 0x44dbaC881A411C5d0faF73420b186CF9B0DA3597
2025-06-24 14:46:26,516 - INFO - Saved: AVAXAMI at 0x0aadE822d0eE42E2855c2Ea17F4D4e2a1e2a9B1d
2025-06-24 14:46:27,201 - INFO - Saved: RELY at 0x46062DA1a1dff0588dB7FabE39B4F28D447B5041
2025-06-24 14:46:27,928 - INFO - Saved: LFG at 0x1e6BaEcd6e3C956D10038FA465f1C13cA54B030e
2025-06-24 14:46:28,650 - INFO - Saved: CWR at 0x3f3BAAb8d21a3AE018D0499e291D61F0e35CE52b
2025-06-24 14:46:29,328 - INFO - Saved: ANONRESERV at 0x875222a7FA426a515b5a6bAE8F13501b08C032E5
2025-06-24 14:46:30,100 - INFO - Saved: WOLF at 0xe091d90D9c6fC18A6972736a082d7e5DA2926478
2025-06-24 14:46:30,867 - INFO - Saved: BAME at 0x2C96a6130797D8514d9aC224c2c5E6A7A4dbdDC6
2025-06-24 14:46:31,582 - INFO - Saved: LFG at 0x1f6e4E81CFb0113907b5D7358585d5CBEC00a8b9
2025-06-24 14:46:31,683 - INFO - Progress: 30.4%
2025-06-24 14:46:31,821 - INFO - Found 54 events in blocks 64412456-64413455
2025-06-24 14:46:32,578 - INFO - Saved: LFG at 0xC7e9ACA4D1642C86421F1aED64Bbb1e7AE7d9f44
2025-06-24 14:46:33,309 - INFO - Saved: 1LOT at 0xfe03cEea4667d50808ef5A0109B8655aB30aEcA9
2025-06-24 14:46:34,077 - INFO - Saved: FLUX at 0x23914Dd311263f812338F3f5927e939156ABC2E3
2025-06-24 14:46:34,788 - INFO - Saved: ANONPEPE at 0xca43641E791be741f346678239F870DAe75A8Ca6
2025-06-24 14:46:35,473 - INFO - Saved: 369 at 0xc31C36B1a1475C6AbC1104951D42c86b47DC5044
2025-06-24 14:46:36,244 - INFO - Saved: AVACUUM at 0x678d534386aA770145Bd82f9Ad4Ab102879B7082
2025-06-24 14:46:37,063 - INFO - Saved: SPAWN at 0xd8E6bf661F98fAD203530b17E2FceA814570eDD6
2025-06-24 14:46:37,809 - INFO - Saved: LEMON at 0xC4C38dFeD5CBAFb4EC9d25e9E27c5CfEE004A3de
2025-06-24 14:46:38,550 - INFO - Saved: MEERKAT at 0x1633785277eb8cb3F0944c32a385F265C97AcEDd
2025-06-24 14:46:39,384 - INFO - Saved: RANDOMLY at 0x445334C435b37625F2481769aBFBB67A3E8C9aa0
2025-06-24 14:46:40,133 - INFO - Saved: PLAY at 0xf9ba110B6f7B2C722183E1249a1D5f2f2171A3c3
2025-06-24 14:46:40,933 - INFO - Saved: SIX at 0xd2e84844098e7E34aB7dA2e152A9e96c14c24155
2025-06-24 14:46:41,649 - INFO - Saved: MOG at 0xC67045E856E1Aaf7F47b4e12b48e41FC578B5229
2025-06-24 14:46:42,343 - INFO - Saved: AINOTSLEEP at 0xf36ac3a3A5B266C33C23EA77FaCe9a16077d7769
2025-06-24 14:46:43,109 - INFO - Saved: 3D at 0xb55482E46303D8D758833Db8B3e99C69127F8045
2025-06-24 14:46:43,877 - INFO - Saved: TEST at 0xfa0D3D2683FA6A57468301a88846344b4842dBCB
2025-06-24 14:46:44,640 - INFO - Saved: NOSLEEP at 0xb6fbD01adb44114D3C32c8F6000e16C6F131532c
2025-06-24 14:46:45,653 - INFO - Saved: PYRAMITH at 0xB7e229E132D05ad9a15aCB8EEEf63dDb28872e13
2025-06-24 14:46:46,363 - INFO - Saved: FIRST at 0x00e0CDD39Dd1Da41B7B875Ae44E9decb16C22364
2025-06-24 14:46:47,461 - INFO - Saved: DAWG at 0xb987A6AC374d56542E821D9728973874782Da097
2025-06-24 14:46:48,108 - INFO - Saved: DUST at 0xB3A153247C55E2A2CD8835cd6fC91961657eafDc
2025-06-24 14:46:48,857 - INFO - Saved: 100X at 0x00c8E476941D268336f7f9A7eC123F94FDDE2FF0
2025-06-24 14:46:49,540 - INFO - Saved: NOSLEEP at 0x8Fce7461c7065fC2BF1663FD04c3Da9f8C456C05
2025-06-24 14:46:50,287 - INFO - Saved: MOTION at 0xA91145bc541D4632614CB2cFa682b19375d3A36D
2025-06-24 14:46:50,981 - INFO - Saved: ASD at 0x305A6352493b420afe6089E1321dC60B1F417Faf
2025-06-24 14:46:51,646 - INFO - Saved: GAY at 0x2Dcd4aC155e1e6973D01b0D1f08468ED889C506B
2025-06-24 14:46:52,303 - INFO - Saved: MOTION at 0xF19BC87888834b8f8c2a4B024977c3A890aEcA79
2025-06-24 14:46:52,918 - INFO - Saved: GAY at 0x744AC8A246e96d328a40f285B937ce478122172a
2025-06-24 14:46:53,609 - INFO - Saved: MOTION at 0x2e9fFf4aFE495694100A8a8156C4429309E51446
2025-06-24 14:46:54,282 - INFO - Saved: ONLYGAY at 0x7Fab54C0eA3A0ff1a7685D21307cA61221F2bD15
2025-06-24 14:46:54,978 - INFO - Saved: GOD at 0x6f2a6a09D53EF0f4d81ea6E4416c6AE89FC5701F
2025-06-24 14:46:55,619 - INFO - Saved: AMOTION at 0x9796c550ba03d2a3b1D6247D6b4699de467782d4
2025-06-24 14:46:56,263 - INFO - Saved: MORE at 0x3264EE7dDfFA5ba95fCE151ecC095dFc2E5CF66e
2025-06-24 14:46:56,890 - INFO - Saved: PASS at 0xB8306Ce0Cbdea83ceE4fCc20cE331398EFd8aBb1
2025-06-24 14:46:57,537 - INFO - Saved: FARTGAY at 0x2b7CA3838dBf8C10cF934Bd1872dd3562f90D00f
2025-06-24 14:46:58,194 - INFO - Saved: RUGGED at 0x1Cc91Cf0Bc993C16DEF3D33AfB4e52FB126Fc2d0
2025-06-24 14:46:58,932 - INFO - Saved: WORMI at 0x600E5b5F2C1dB268893dEbAA5C4D9C069772131A
2025-06-24 14:46:59,619 - INFO - Saved: ASD at 0x1354D9F1fEb839b7F73c18DCAF580433Ff11865E
2025-06-24 14:47:00,265 - INFO - Saved: SOMETHING at 0x4306C2e3787828abA7625B3D8AaE1aDA83892DE0
2025-06-24 14:47:00,947 - INFO - Saved: ASD at 0xc934B2a3AD5a27cdbC35FBCe46bd18768aBe2579
2025-06-24 14:47:01,600 - INFO - Saved: MOOOOORE at 0x67792cE96c49fB4FE03e68c7bb02641734253e8C
2025-06-24 14:47:02,246 - INFO - Saved: MOTION at 0x1cbDB6f9d65C5f8242bBaE246218eE23aA818203
2025-06-24 14:47:02,920 - INFO - Saved: ATOM at 0xF2298c672a010a71b3A2397f4a850da8FB659b33
2025-06-24 14:47:03,641 - INFO - Saved: CPO at 0xb5CeFb66A76430e8568621EE5034052bDae208ab
2025-06-24 14:47:04,323 - INFO - Saved: ASD at 0x207FE0Ed13FC6a6Ed9b8BFBAD4aeC6eaA4Caee76
2025-06-24 14:47:04,924 - INFO - Saved: LESBI at 0x1cb1485348922a9DdBd9Bc7FF542e69483596f6C
2025-06-24 14:47:05,587 - INFO - Saved: ABAX at 0xB990738BFF0a75138869eA4483073f31fD4037af
2025-06-24 14:47:06,238 - INFO - Saved: COSMOVAX at 0xbA57331B583da706Ef22c4C3Bc49a79bFa3e5fBA
2025-06-24 14:47:06,872 - INFO - Saved: JOSH at 0x6eE3e01E1ed901de7de86030D52eB00EC00441E7
2025-06-24 14:47:07,502 - INFO - Saved: EARN at 0xE01F210ca4243f21f25C4C61151B825598723320
2025-06-24 14:47:08,159 - INFO - Saved: CATSINO at 0xB36db63dD5AbBf26cCafc720eEDCc88be3C15Fc3
2025-06-24 14:47:08,812 - INFO - Saved: IAMGAY at 0xb611034773Ab547D91893Ea5b523b7fA8D2eA95f
2025-06-24 14:47:09,499 - INFO - Saved: XTRADER at 0x19C0Ee26fac9f2A0A1f0B241df7462d94865C47C
2025-06-24 14:47:10,160 - INFO - Saved: RATH at 0x53CB87180d373F7De5cB87724b87aE815c73C680
2025-06-24 14:47:10,261 - INFO - Progress: 60.9%
2025-06-24 14:47:10,365 - INFO - Found 10 events in blocks 64413456-64413740
2025-06-24 14:47:10,947 - INFO - Saved: KISSING at 0xd06D55D2b8e6BF1aEc41f8265F2687f5f54CB7c7
2025-06-24 14:47:11,600 - INFO - Saved: ASD at 0x92c9Ce511d06Dff0b5b95839336E27b5d82Ce8dD
2025-06-24 14:47:12,231 - INFO - Saved: FFF at 0xd3853e5938b92311CD03BEEFb82bA6ECFF0fc4Ac
2025-06-24 14:47:12,956 - INFO - Saved: EDGE at 0x51cd122E0ddd8FE91C63530afe8ceaC03d12cF8B
2025-06-24 14:47:13,662 - INFO - Saved: HORNY at 0xE050110Cf299bC28A6d4f5401b7c16e116864f8c
2025-06-24 14:47:14,307 - INFO - Saved: HIGHER at 0xDCcAaebf074363ef38B46aEF2b5434B6EF5bE0fe
2025-06-24 14:47:14,970 - INFO - Saved: SEX at 0x56c415165739B4A43A17E294aD9B7446541a05aE
2025-06-24 14:47:15,681 - INFO - Saved: AVAXBEAR at 0x19da4f3A36d17b12d0525BDe743941e08e800C4A
2025-06-24 14:47:16,349 - INFO - Saved: VYPERDAO at 0x99ce92b2E792c172db9Cf5A25eAf2783405Afbd6
2025-06-24 14:47:16,989 - INFO - Saved: GRANWH at 0x65ce67E55DD659f34c7500502078208956EfA693
2025-06-24 14:47:17,089 - INFO - Progress: 91.3%
2025-06-24 14:47:17,148 - INFO - Scan complete. Next start block: 64413741
2025-06-24 14:48:17,669 - INFO - Scanning blocks 64413741 to 64413847
2025-06-24 14:48:17,931 - INFO - Found 2 events in blocks 64413741-64413847
2025-06-24 14:48:18,994 - INFO - Saved: FORK at 0xf42AF50AD2dA64695416a6Bc18D326E0dEbDC171
2025-06-24 14:48:20,156 - INFO - Saved: FMEDADDY at 0xD024172E8AF463e58EbeAec17480bfb7DD190C7c
2025-06-24 14:48:20,257 - INFO - Progress: 0.0%
2025-06-24 14:48:20,321 - INFO - Scan complete. Next start block: 64413848
2025-06-24 14:49:20,830 - INFO - Scanning blocks 64413848 to 64413896
2025-06-24 14:49:20,938 - INFO - Found 0 events in blocks 64413848-64413896
2025-06-24 14:49:20,938 - INFO - Progress: 0.0%
2025-06-24 14:49:21,001 - INFO - Scan complete. Next start block: 64413897
2025-06-24 14:50:21,211 - INFO - Scanning blocks 64413897 to 64413935
2025-06-24 14:50:21,289 - INFO - Found 2 events in blocks 64413897-64413935
2025-06-24 14:50:21,868 - INFO - Saved: NUT at 0xF55B5b5B6dB596c5402B242050Ba512430b321C8
2025-06-24 14:50:22,533 - INFO - Saved: CYBERCAT at 0x8bC15847DeE2A4659af9A3bBbBd4c816D4210654
2025-06-24 14:50:22,633 - INFO - Progress: 0.0%
2025-06-24 14:50:22,802 - INFO - Scan complete. Next start block: 64413936
2025-06-24 14:51:22,992 - INFO - Scanning blocks 64413936 to 64413983
2025-06-24 14:51:23,069 - INFO - Found 6 events in blocks 64413936-64413983
2025-06-24 14:51:23,704 - INFO - Saved: MANUAL at 0x71aab1Cd9dab2D4d7E440ae701665c1940841929
2025-06-24 14:51:24,366 - INFO - Saved: NT at 0xf74BB0c6C83e2306A492b019831F400Ea5F8579F
2025-06-24 14:51:25,098 - INFO - Saved: LP at 0x18470F989A0eE3A457267363a99B951966688534
2025-06-24 14:51:25,764 - INFO - Saved: FUCK at 0x844C36b5f1fb789DE006AC1D37344FD9A473D4a8
2025-06-24 14:51:26,464 - INFO - Saved: 100X at 0x99899aC9D5ea0ebF87419981c7419b1e8DddCC36
2025-06-24 14:51:27,092 - INFO - Saved: WEN at 0xD00Ad604eE13eb15E78C8C90480472c384439F48
2025-06-24 14:51:27,193 - INFO - Progress: 0.0%
2025-06-24 14:51:27,253 - INFO - Scan complete. Next start block: 64413984
2025-06-24 14:52:27,425 - INFO - Scanning blocks 64413984 to 64414031
2025-06-24 14:52:27,503 - INFO - Found 2 events in blocks 64413984-64414031
2025-06-24 14:52:28,188 - INFO - Saved: SINNYJINS at 0x0E3b26fe83926A80419D28D987b8DFe8457873EA
2025-06-24 14:52:28,881 - INFO - Saved: MANUAL at 0xD15e61e892397389C80f9104f03c2dE714D81201
2025-06-24 14:52:28,982 - INFO - Progress: 0.0%
2025-06-24 14:52:29,044 - INFO - Scan complete. Next start block: 64414032
2025-06-24 14:53:29,522 - INFO - Scanning blocks 64414032 to 64414072
2025-06-24 14:53:29,768 - INFO - Found 1 events in blocks 64414032-64414072
2025-06-24 14:53:30,959 - INFO - Saved: PUSY at 0x448C42873fB5f05f59Df3491Ea6A922a87Ef8C59
2025-06-24 14:53:31,060 - INFO - Progress: 0.0%
2025-06-24 14:53:31,120 - INFO - Scan complete. Next start block: 64414073
2025-06-24 14:54:31,569 - INFO - Scanning blocks 64414073 to 64414108
2025-06-24 14:54:31,635 - INFO - Found 0 events in blocks 64414073-64414108
2025-06-24 14:54:31,635 - INFO - Progress: 0.0%
2025-06-24 14:54:31,801 - INFO - Scan complete. Next start block: 64414109
2025-06-24 14:55:32,353 - INFO - Scanning blocks 64414109 to 64414156
2025-06-24 14:55:32,423 - INFO - Found 2 events in blocks 64414109-64414156
2025-06-24 14:55:33,066 - INFO - Saved: STUCK at 0x9e2a7768dC40f393542C7875Ade4dD5204c3c000
2025-06-24 14:55:33,774 - INFO - Saved: SLAM at 0x37eAD164994d1fFEc04CD5e9db34344E12455c6b
2025-06-24 14:55:33,874 - INFO - Progress: 0.0%
2025-06-24 14:55:33,936 - INFO - Scan complete. Next start block: 64414157
2025-06-24 14:56:34,446 - INFO - Scanning blocks 64414157 to 64414204
2025-06-24 14:56:34,689 - INFO - Found 0 events in blocks 64414157-64414204
2025-06-24 14:56:34,689 - INFO - Progress: 0.0%
2025-06-24 14:56:34,851 - INFO - Scan complete. Next start block: 64414205
2025-06-24 14:57:35,595 - INFO - Scanning blocks 64414205 to 64414237
2025-06-24 14:57:35,672 - INFO - Found 0 events in blocks 64414205-64414237
2025-06-24 14:57:35,672 - INFO - Progress: 0.0%
2025-06-24 14:57:35,732 - INFO - Scan complete. Next start block: 64414238
2025-06-24 14:58:36,239 - INFO - Scanning blocks 64414238 to 64414283
2025-06-24 14:58:36,353 - INFO - Found 2 events in blocks 64414238-64414283
2025-06-24 14:58:37,527 - INFO - Saved: GOON at 0x02ee5B9eBf36AE5F11D6Db9b3CBDC5205Db2eb7f
2025-06-24 14:58:37,775 - INFO - Progress: 0.0%
2025-06-24 14:58:37,837 - INFO - Scan complete. Next start block: 64414284
2025-06-24 14:59:38,372 - INFO - Scanning blocks 64414284 to 64414320
2025-06-24 14:59:38,439 - INFO - Found 0 events in blocks 64414284-64414320
2025-06-24 14:59:38,439 - INFO - Progress: 0.0%
2025-06-24 14:59:38,502 - INFO - Scan complete. Next start block: 64414321
2025-06-24 15:00:39,014 - INFO - Scanning blocks 64414321 to 64414363
2025-06-24 15:00:39,127 - INFO - Found 3 events in blocks 64414321-64414363
2025-06-24 15:00:40,431 - INFO - Saved: GAGA at 0x6FA220ad3820B66374C5736AD21B45ea43cC1Ff9
2025-06-24 15:00:41,605 - INFO - Saved: GRACE at 0xdC377A5A1A4DdaE507E097C9eB4024641d4bB895
2025-06-24 15:00:42,782 - INFO - Saved: DOG at 0x9D5EB5b6c463afF78dF93F3A49D42DeA69cD3455
2025-06-24 15:00:42,882 - INFO - Progress: 0.0%
2025-06-24 15:00:42,943 - INFO - Scan complete. Next start block: 64414364
2025-06-24 15:01:43,115 - INFO - Scanning blocks 64414364 to 64414409
2025-06-24 15:01:43,243 - INFO - Found 0 events in blocks 64414364-64414409
2025-06-24 15:01:43,243 - INFO - Progress: 0.0%
2025-06-24 15:01:43,303 - INFO - Scan complete. Next start block: 64414410
2025-06-24 15:02:44,019 - INFO - Scanning blocks 64414410 to 64414454
2025-06-24 15:02:44,259 - INFO - Found 2 events in blocks 64414410-64414454
2025-06-24 15:02:45,428 - INFO - Saved: TEBS at 0x9c1F3ea96C3FEb6fc64bfaEcb60633dc92CDDFd2
2025-06-24 15:02:46,551 - INFO - Saved: WIF at 0xFb801CD786b9E9DA1caB5c609B8c65De521D9D66
2025-06-24 15:02:46,652 - INFO - Progress: 0.0%
2025-06-24 15:02:46,713 - INFO - Scan complete. Next start block: 64414455
2025-06-24 15:03:46,894 - INFO - Scanning blocks 64414455 to 64414487
2025-06-24 15:03:46,986 - INFO - Found 1 events in blocks 64414455-64414487
2025-06-24 15:03:47,580 - INFO - Saved: LIL at 0xb67EcAbe5ba50af771e634389274c85F3D96f011
2025-06-24 15:03:47,681 - INFO - Progress: 0.0%
2025-06-24 15:03:47,740 - INFO - Scan complete. Next start block: 64414488
2025-06-24 15:04:48,133 - INFO - Scanning blocks 64414488 to 64414527
2025-06-24 15:04:48,383 - INFO - Found 5 events in blocks 64414488-64414527
2025-06-24 15:04:49,600 - INFO - Saved: BANDAGE at 0x283fB604F29bE4FE7cfB862e440edD6486D61840
2025-06-24 15:04:50,753 - INFO - Saved: STRANGEPEP at 0x37ead2172b37E704C1AE057E50Bf9C3AD98CA36B
2025-06-24 15:04:51,904 - INFO - Saved: FARTGRACE at 0x8599763934C71e1aAbEa9e30763D07831E1D63D2
2025-06-24 15:04:53,097 - INFO - Saved: YELLOW46 at 0xC9F76438588E8ae8d653758CD099a6292026c6EC
2025-06-24 15:04:54,681 - INFO - Saved: HEYANONAI at 0x8145482A478e48370991Bc7f2259BD0b239b446a
2025-06-24 15:04:54,782 - INFO - Progress: 0.0%
2025-06-24 15:04:54,841 - INFO - Scan complete. Next start block: 64414528
2025-06-24 15:05:55,037 - INFO - Scanning blocks 64414528 to 64414566
2025-06-24 15:05:55,115 - INFO - Found 1 events in blocks 64414528-64414566
2025-06-24 15:05:55,680 - INFO - Saved: BIRD at 0xe0986B0fA216E3d3628bE7935212DDdF89028da7
2025-06-24 15:05:55,781 - INFO - Progress: 0.0%
2025-06-24 15:05:55,841 - INFO - Scan complete. Next start block: 64414567
2025-06-24 15:06:56,616 - INFO - Scanning blocks 64414567 to 64414602
2025-06-24 15:06:56,738 - INFO - Found 2 events in blocks 64414567-64414602
2025-06-24 15:06:57,920 - INFO - Saved: MULA at 0x43E01a8F4D67b65223a11D9Ca916aDE0410f23d4
2025-06-24 15:06:59,205 - INFO - Saved: MASK at 0xF4DDc4c92D716E44d22caaa73F927b8c1a572496
2025-06-24 15:06:59,306 - INFO - Progress: 0.0%
2025-06-24 15:06:59,367 - INFO - Scan complete. Next start block: 64414603
2025-06-24 15:07:59,944 - INFO - Scanning blocks 64414603 to 64414641
2025-06-24 15:08:00,052 - INFO - Found 0 events in blocks 64414603-64414641
2025-06-24 15:08:00,052 - INFO - Progress: 0.0%
2025-06-24 15:08:00,219 - INFO - Scan complete. Next start block: 64414642
2025-06-24 15:09:01,007 - INFO - Scanning blocks 64414642 to 64414679
2025-06-24 15:09:01,093 - INFO - Found 0 events in blocks 64414642-64414679
2025-06-24 15:09:01,093 - INFO - Progress: 0.0%
2025-06-24 15:09:01,157 - INFO - Scan complete. Next start block: 64414680
2025-06-24 15:10:01,313 - INFO - Scanning blocks 64414680 to 64414714
2025-06-24 15:10:01,402 - INFO - Found 2 events in blocks 64414680-64414714
2025-06-24 15:10:01,989 - INFO - Saved: MSO26C at 0x7be2AcDA77414056180Fa9648428868171588B81
2025-06-24 15:10:02,680 - INFO - Saved: FOOKMI at 0x647b91b9350d91545FDa89C7F2B92B55EC3fF4A4
2025-06-24 15:10:02,780 - INFO - Progress: 0.0%
2025-06-24 15:10:02,957 - INFO - Scan complete. Next start block: 64414715
2025-06-24 15:11:03,416 - INFO - Scanning blocks 64414715 to 64414753
2025-06-24 15:11:03,661 - INFO - Found 1 events in blocks 64414715-64414753
2025-06-24 15:11:05,373 - INFO - Saved: ERCC at 0x2b99cf9b7850FfDF124Bf2640AB7Bcb17De620a9
2025-06-24 15:11:05,473 - INFO - Progress: 0.0%
2025-06-24 15:11:05,538 - INFO - Scan complete. Next start block: 64414754
2025-06-24 15:12:06,083 - INFO - Scanning blocks 64414754 to 64414798
2025-06-24 15:12:06,195 - INFO - Found 2 events in blocks 64414754-64414798
2025-06-24 15:12:07,421 - INFO - Saved: GLUE at 0xe4DA27721C2fc62F6271bc84CF166eDDEcd344DF
2025-06-24 15:12:08,891 - INFO - Saved: AMMM at 0x2d557473306578588Db734F5Def3Af8C4b27007d
2025-06-24 15:12:08,991 - INFO - Progress: 0.0%
2025-06-24 15:12:09,055 - INFO - Scan complete. Next start block: 64414799
2025-06-24 15:13:09,443 - INFO - Scanning blocks 64414799 to 64414831
2025-06-24 15:13:09,560 - INFO - Found 0 events in blocks 64414799-64414831
2025-06-24 15:13:09,560 - INFO - Progress: 0.0%
2025-06-24 15:13:09,736 - INFO - Scan complete. Next start block: 64414832
2025-06-24 15:14:10,577 - INFO - Scanning blocks 64414832 to 64414859
2025-06-24 15:14:10,659 - INFO - Found 1 events in blocks 64414832-64414859
2025-06-24 15:14:11,272 - INFO - Saved: TRRC at 0xfC228ce08dc6f70CF46e2778e2d70Ebbf57EB5c4
2025-06-24 15:14:11,373 - INFO - Progress: 0.0%
2025-06-24 15:14:11,435 - INFO - Scan complete. Next start block: 64414860
2025-06-24 15:15:11,652 - INFO - Scanning blocks 64414860 to 64414904
2025-06-24 15:15:11,734 - INFO - Found 3 events in blocks 64414860-64414904
2025-06-24 15:15:12,299 - INFO - Saved: GLUE at 0xf4a9aC39834338BC118dEaD81Dad708f7F4a30D9
2025-06-24 15:15:12,909 - INFO - Saved: H at 0x6668946B1E814B8F6eD9118a1a861291Ae20b4Bc
2025-06-24 15:15:13,539 - INFO - Saved: WEB3 at 0xd0f8534de358117393fa58D6d5Ac529E152cb510
2025-06-24 15:15:13,640 - INFO - Progress: 0.0%
2025-06-24 15:15:13,804 - INFO - Scan complete. Next start block: 64414905
2025-06-24 15:16:13,994 - INFO - Scanning blocks 64414905 to 64414948
2025-06-24 15:16:14,087 - INFO - Found 2 events in blocks 64414905-64414948
2025-06-24 15:16:14,689 - INFO - Saved: SUPRA at 0x1eCcF4BbFF8c5bfA3ad3432b2a0407DA58281FED
2025-06-24 15:16:15,345 - INFO - Saved: ETBR at 0x2d59295e2E4573Cf913930f1787Bf8e7dA3515D3
2025-06-24 15:16:15,445 - INFO - Progress: 0.0%
2025-06-24 15:16:15,516 - INFO - Scan complete. Next start block: 64414949
2025-06-24 15:17:15,682 - INFO - Scanning blocks 64414949 to 64414982
2025-06-24 15:17:15,766 - INFO - Found 1 events in blocks 64414949-64414982
2025-06-24 15:17:16,341 - INFO - Saved: ERTSC at 0x43e16c7e61db26aCCC20Da56515DC2a0D4BfA8E3
2025-06-24 15:17:16,442 - INFO - Progress: 0.0%
2025-06-24 15:17:16,502 - INFO - Scan complete. Next start block: 64414983
2025-06-24 15:18:17,325 - INFO - Scanning blocks 64414983 to 64415019
2025-06-24 15:18:17,571 - INFO - Found 4 events in blocks 64414983-64415019
2025-06-24 15:18:18,682 - INFO - Saved: TRIG at 0xA4574A6FD10fb601C5905EAAbdf272Fbd09cD4C9
2025-06-24 15:18:19,924 - INFO - Saved: PRO at 0x45dB5206ba940Fb9EfCf8E07DD70FF0cb65A23ab
2025-06-24 15:18:21,130 - INFO - Saved: MOVAX at 0xd9662dCc7021ccb1b8e1e1C1B6081AF80F8A1846
2025-06-24 15:18:22,734 - INFO - Saved: GMCM at 0xf60081560f78fD9CdCA6BE4ce3D3C0eB8611E40e
2025-06-24 15:18:22,835 - INFO - Progress: 0.0%
2025-06-24 15:18:22,895 - INFO - Scan complete. Next start block: 64415020
2025-06-24 15:19:23,435 - INFO - Scanning blocks 64415020 to 64415055
2025-06-24 15:19:23,526 - INFO - Found 2 events in blocks 64415020-64415055
2025-06-24 15:19:24,081 - INFO - Saved: GOON at 0x13fd9fDc2FFBa86fEa1561f360693796F7b111B5
2025-06-24 15:19:24,697 - INFO - Saved: AAID at 0x3460C33bB96032531c5e343AbA07C8fBF2e82bc7
2025-06-24 15:19:24,798 - INFO - Progress: 0.0%
2025-06-24 15:19:24,862 - INFO - Scan complete. Next start block: 64415056
2025-06-24 15:20:25,130 - INFO - Scanning blocks 64415056 to 64415097
2025-06-24 15:20:25,374 - INFO - Found 1 events in blocks 64415056-64415097
2025-06-24 15:20:26,563 - INFO - Saved: MRTWN at 0x19d718AA8fDC7932881270bbE79f14600A8fdC35
2025-06-24 15:20:26,663 - INFO - Progress: 0.0%
2025-06-24 15:20:26,723 - INFO - Scan complete. Next start block: 64415098
2025-06-24 15:21:27,034 - INFO - Scanning blocks 64415098 to 64415130
2025-06-24 15:21:27,117 - INFO - Found 3 events in blocks 64415098-64415130
2025-06-24 15:21:27,656 - INFO - Saved: TIME at 0x56965432b2EAe36a2e623327Ae45cac1D9429d24
2025-06-24 15:21:28,278 - INFO - Saved: HORN at 0x20260AE568B85256dfb3C1523Cf8d9c19B3D9323
2025-06-24 15:21:28,993 - INFO - Saved: SMOLAMI at 0x5759B95c8C830aAD2f6022722B56b3CC465d3653
2025-06-24 15:21:29,093 - INFO - Progress: 0.0%
2025-06-24 15:21:29,156 - INFO - Scan complete. Next start block: 64415131
2025-06-24 15:22:29,509 - INFO - Scanning blocks 64415131 to 64415175
2025-06-24 15:22:29,754 - INFO - Found 1 events in blocks 64415131-64415175
2025-06-24 15:22:31,071 - INFO - Saved: TIME at 0x565e953ab83D9B2F0319BB42f49869021F819606
2025-06-24 15:22:31,172 - INFO - Progress: 0.0%
2025-06-24 15:22:31,231 - INFO - Scan complete. Next start block: 64415176
2025-06-24 15:23:31,632 - INFO - Scanning blocks 64415176 to 64415215
2025-06-24 15:23:31,738 - INFO - Found 1 events in blocks 64415176-64415215
2025-06-24 15:23:33,047 - INFO - Saved: TIME at 0xB4242531fF817461fa80947b232617b432EcB348
2025-06-24 15:23:33,147 - INFO - Progress: 0.0%
2025-06-24 15:23:33,211 - INFO - Scan complete. Next start block: 64415216
2025-06-24 15:24:33,416 - INFO - Scanning blocks 64415216 to 64415249
2025-06-24 15:24:33,487 - INFO - Found 2 events in blocks 64415216-64415249
2025-06-24 15:24:34,063 - INFO - Saved: ICM at 0x2B1c3657eb9C4F36efE4c79e8bcc3B03787Ba151
2025-06-24 15:24:34,724 - INFO - Saved: TIME at 0x8328031c5eA9d1FE665fB973b6C480BE4bb34819
2025-06-24 15:24:34,825 - INFO - Progress: 0.0%
2025-06-24 15:24:34,886 - INFO - Scan complete. Next start block: 64415250
2025-06-24 15:25:35,091 - INFO - Scanning blocks 64415250 to 64415283
2025-06-24 15:25:35,160 - INFO - Found 1 events in blocks 64415250-64415283
2025-06-24 15:25:35,737 - INFO - Saved: PATCHY at 0x5a6b26Ab71308B4232a9e455CC250AbBc5f2e488
2025-06-24 15:25:35,837 - INFO - Progress: 0.0%
2025-06-24 15:25:35,901 - INFO - Scan complete. Next start block: 64415284
2025-06-24 15:26:36,731 - INFO - Scanning blocks 64415284 to 64415319
2025-06-24 15:26:36,795 - INFO - Found 7 events in blocks 64415284-64415319
2025-06-24 15:26:37,369 - INFO - Saved: TIME at 0x2AeB4228CEEF994A93904a1B25e36D25D6A447C1
2025-06-24 15:26:38,053 - INFO - Saved: TTM at 0xbF351e41dCCAD23057733F8c9B26F84582bb3C95
2025-06-24 15:26:38,713 - INFO - Saved: MILIONAIRE at 0x83152B3df1A5e6e9C00516Bd616328dD48E29553
2025-06-24 15:26:39,350 - INFO - Saved: TIME at 0x5aAABF11393bA21Df7e40bA4658B0625551de9E9
2025-06-24 15:26:39,959 - INFO - Saved: SLAM at 0xcCB9B97706636ffEaC5c706C0800De001debe91C
2025-06-24 15:26:40,581 - INFO - Saved: ARABIC at 0x959012f733E2026d27E4F280D5Efb7A98850428a
2025-06-24 15:26:41,225 - INFO - Saved: TIME at 0x8F18002f94e5021cB10209048285E302d42DCdC3
2025-06-24 15:26:41,325 - INFO - Progress: 0.0%
2025-06-24 15:26:41,387 - INFO - Scan complete. Next start block: 64415320
2025-06-24 15:27:42,034 - INFO - Scanning blocks 64415320 to 64415358
2025-06-24 15:27:42,145 - INFO - Found 2 events in blocks 64415320-64415358
2025-06-24 15:27:43,352 - INFO - Saved: BLOODHONOR at 0x9109a5B636d73A6720e87FF164D1d54a753FcFC1
2025-06-24 15:27:44,559 - INFO - Saved: RFCT at 0x61eC07C1B1cc058eb4e8208Be45d5F28BCCF0291
2025-06-24 15:27:44,660 - INFO - Progress: 0.0%
2025-06-24 15:27:44,720 - INFO - Scan complete. Next start block: 64415359
